2020-08-31 21:40:58,608:INFO:PyCaret Classification Module
2020-08-31 21:40:58,609:INFO:version 2.0
2020-08-31 21:40:58,609:INFO:Initializing setup()
2020-08-31 21:40:58,609:INFO:USI: 8cff
2020-08-31 21:40:58,610:INFO:setup(data=(84415, 10), target=default, train_size=0.7, sampling=True, sample_estimator=None, categorical_features=None, categorical_imputation=constant, ordinal_features=None,
                    high_cardinality_features=None, high_cardinality_method=frequency, numeric_features=None, numeric_imputation=mean, date_features=None, ignore_features=None, normalize=False,
                    normalize_method=zscore, transformation=False, transformation_method=yeo-johnson, handle_unknown_categorical=True, unknown_categorical_method=least_frequent, pca=False, pca_method=linear,
                    pca_components=None, ignore_low_variance=False, combine_rare_levels=False, rare_level_threshold=0.1, bin_numeric_features=None, remove_outliers=False, outliers_threshold=0.05,
                    remove_multicollinearity=False, multicollinearity_threshold=0.9, remove_perfect_collinearity=False, create_clusters=False, cluster_iter=20,
                    polynomial_features=False, polynomial_degree=2, trigonometry_features=False, polynomial_threshold=0.1, group_features=None,
                    group_names=None, feature_selection=False, feature_selection_threshold=0.8, feature_interaction=False, feature_ratio=False, interaction_threshold=0.01,
                    fix_imbalance=False, fix_imbalance_method=None, data_split_shuffle=True, folds_shuffle=False, n_jobs=-1, html=True, session_id=123, log_experiment=False,
                    experiment_name=None, log_plots=False, log_profile=False, log_data=False, silent=False, verbose=True, profile=False)
2020-08-31 21:40:58,610:INFO:Checking environment
2020-08-31 21:40:58,610:INFO:python_version: 3.7.7
2020-08-31 21:40:58,610:INFO:python_build: ('default', 'Mar 23 2020 22:36:06')
2020-08-31 21:40:58,610:INFO:machine: x86_64
2020-08-31 21:40:58,612:INFO:platform: Linux-5.4.0-42-generic-x86_64-with-debian-bullseye-sid
2020-08-31 21:40:58,613:INFO:Memory: svmem(total=3970527232, available=1687728128, percent=57.5, used=1669435392, free=262201344, active=2102935552, inactive=1227673600, buffers=125698048, cached=1913192448, shared=334184448, slab=262266880)
2020-08-31 21:40:58,615:INFO:Physical Core: 4
2020-08-31 21:40:58,615:INFO:Logical Core: 4
2020-08-31 21:40:58,615:INFO:Checking libraries
2020-08-31 21:40:58,616:INFO:pd==1.0.5
2020-08-31 21:40:58,616:INFO:numpy==1.19.1
2020-08-31 21:40:58,616:INFO:sklearn==0.23.2
2020-08-31 21:40:59,075:INFO:xgboost==1.2.0
2020-08-31 21:40:59,893:INFO:lightgbm==2.3.1
2020-08-31 21:40:59,893:INFO:catboost==0.24.1
2020-08-31 21:41:10,755:INFO:mlflow==1.10.0
2020-08-31 21:41:10,755:INFO:Checking Exceptions
2020-08-31 21:41:50,106:INFO:PyCaret Classification Module
2020-08-31 21:41:50,106:INFO:version 2.0
2020-08-31 21:41:50,107:INFO:Initializing setup()
2020-08-31 21:41:50,107:INFO:USI: 6dd3
2020-08-31 21:41:50,108:INFO:setup(data=(84415, 10), target=Crop_Damage, train_size=0.7, sampling=True, sample_estimator=None, categorical_features=None, categorical_imputation=constant, ordinal_features=None,
                    high_cardinality_features=None, high_cardinality_method=frequency, numeric_features=None, numeric_imputation=mean, date_features=None, ignore_features=None, normalize=False,
                    normalize_method=zscore, transformation=False, transformation_method=yeo-johnson, handle_unknown_categorical=True, unknown_categorical_method=least_frequent, pca=False, pca_method=linear,
                    pca_components=None, ignore_low_variance=False, combine_rare_levels=False, rare_level_threshold=0.1, bin_numeric_features=None, remove_outliers=False, outliers_threshold=0.05,
                    remove_multicollinearity=False, multicollinearity_threshold=0.9, remove_perfect_collinearity=False, create_clusters=False, cluster_iter=20,
                    polynomial_features=False, polynomial_degree=2, trigonometry_features=False, polynomial_threshold=0.1, group_features=None,
                    group_names=None, feature_selection=False, feature_selection_threshold=0.8, feature_interaction=False, feature_ratio=False, interaction_threshold=0.01,
                    fix_imbalance=False, fix_imbalance_method=None, data_split_shuffle=True, folds_shuffle=False, n_jobs=-1, html=True, session_id=123, log_experiment=False,
                    experiment_name=None, log_plots=False, log_profile=False, log_data=False, silent=False, verbose=True, profile=False)
2020-08-31 21:41:50,108:INFO:Checking environment
2020-08-31 21:41:50,108:INFO:python_version: 3.7.7
2020-08-31 21:41:50,108:INFO:python_build: ('default', 'Mar 23 2020 22:36:06')
2020-08-31 21:41:50,108:INFO:machine: x86_64
2020-08-31 21:41:50,109:INFO:platform: Linux-5.4.0-42-generic-x86_64-with-debian-bullseye-sid
2020-08-31 21:41:50,110:INFO:Memory: svmem(total=3970527232, available=1677893632, percent=57.7, used=1699860480, free=212713472, active=2157654016, inactive=1227771904, buffers=142540800, cached=1915412480, shared=312762368, slab=263823360)
2020-08-31 21:41:50,116:INFO:Physical Core: 4
2020-08-31 21:41:50,116:INFO:Logical Core: 4
2020-08-31 21:41:50,117:INFO:Checking libraries
2020-08-31 21:41:50,117:INFO:pd==1.0.5
2020-08-31 21:41:50,117:INFO:numpy==1.19.1
2020-08-31 21:41:50,117:INFO:sklearn==0.23.2
2020-08-31 21:41:50,117:INFO:xgboost==1.2.0
2020-08-31 21:41:50,118:INFO:lightgbm==2.3.1
2020-08-31 21:41:50,118:INFO:catboost==0.24.1
2020-08-31 21:41:50,118:INFO:mlflow==1.10.0
2020-08-31 21:41:50,118:INFO:Checking Exceptions
2020-08-31 21:41:50,119:INFO:Preloading libraries
2020-08-31 21:41:50,119:INFO:Preparing display monitor
2020-08-31 21:41:50,190:INFO:Importing libraries
2020-08-31 21:41:56,336:INFO:Copying data for preprocessing
2020-08-31 21:41:56,356:INFO:Declaring global variables
2020-08-31 21:41:56,376:INFO:Declaring preprocessing parameters
2020-08-31 21:41:56,377:INFO:Importing preprocessing module
2020-08-31 21:42:06,919:INFO:Creating preprocessing pipeline
